Mplus VERSION 8 (Mac)
MUTHEN & MUTHEN
04/06/2019   2:14 PM

INPUT INSTRUCTIONS

  TITLE:	Star Wars model
  DATA:	FILE IS StarWars_Mplus.csv; ! Note that this data has no first row with variable nam
  VARIABLE:	NAMES ARE Q1-Q13; USEVARIABLES ARE Q1-Q10;
  MODEL:	

  ! Factor Loadings:
  Prequels BY Q2-Q4 Q1;
  Original BY Q5-Q7 Q1;
  Sequels BY Q8-Q10 Q1;

  ! Like lavaan, Mplus does a lot of things automatically, such as
  ! adding (residual) variances and fixing the first loading to 1
  ! Variances can further be specified with the WITH command. For
  ! example, this adds the residual variance:
  Q4 WITH Q10;

  OUTPUT:
  STANDARDIZED; ! This adds standardized parameters
  MODINDICES (8); ! This adds modification indices above 8!



*** WARNING
  Input line exceeded 90 characters. Some input may be truncated.
  DATA:	FILE IS StarWars_Mplus.csv; ! Note that this data has no first row with variable name
   1 WARNING(S) FOUND IN THE INPUT INSTRUCTIONS



Star Wars model

SUMMARY OF ANALYSIS

Number of groups                                                 1
Number of observations                                         271

Number of dependent variables                                   10
Number of independent variables                                  0
Number of continuous latent variables                            3

Observed dependent variables

  Continuous
   Q1          Q2          Q3          Q4          Q5          Q6
   Q7          Q8          Q9          Q10

Continuous latent variables
   PREQUELS    ORIGINAL    SEQUELS


Estimator                                                       ML
Information matrix                                        OBSERVED
Maximum number of iterations                                  1000
Convergence criterion                                    0.500D-04
Maximum number of steepest descent iterations                   20

Input data file(s)
  StarWars_Mplus.csv

Input data format  FREE



UNIVARIATE SAMPLE STATISTICS


     UNIVARIATE HIGHER-ORDER MOMENT DESCRIPTIVE STATISTICS

         Variable/         Mean/     Skewness/   Minimum/ % with                Percentiles
        Sample Size      Variance    Kurtosis    Maximum  Min/Max      20%/60%    40%/80%    Median

     Q1                    2.760       0.342       1.000   23.99%       1.000      2.000      2.000
             271.000       2.094      -1.246       5.000   19.93%       3.000      4.000
     Q2                    4.188      -1.289       1.000    3.69%       3.000      4.000      5.000
             271.000       1.282       0.648       5.000   56.83%       5.000      5.000
     Q3                    2.819       0.328       1.000   11.44%       2.000      2.000      3.000
             271.000       1.263      -0.465       5.000   10.70%       3.000      4.000
     Q4                    3.214      -0.146       1.000    8.49%       2.000      3.000      3.000
             271.000       1.489      -1.033       5.000   16.61%       4.000      4.000
     Q5                    2.435       0.686       1.000   22.51%       1.000      2.000      2.000
             271.000       1.427      -0.431       5.000    8.12%       2.000      4.000
     Q6                    2.686       0.468       1.000   16.61%       2.000      2.000      3.000
             271.000       1.455      -0.559       5.000   12.18%       3.000      4.000
     Q7                    2.996      -0.090       1.000   13.65%       2.000      3.000      3.000
             271.000       1.494      -1.023       5.000   10.70%       3.000      4.000
     Q8                    2.384       0.674       1.000   36.16%       1.000      2.000      2.000
             271.000       1.919      -0.791       5.000   13.28%       2.000      4.000
     Q9                    3.247       0.191       1.000    3.32%       2.000      3.000      3.000
             271.000       1.072      -0.499       5.000   16.24%       3.000      4.000
     Q10                   2.118       0.752       1.000   32.47%       1.000      2.000      2.000
             271.000       1.049       0.116       5.000    2.95%       2.000      3.000


THE MODEL ESTIMATION TERMINATED NORMALLY



MODEL FIT INFORMATION

Number of Free Parameters                       36

Loglikelihood

          H0 Value                       -4121.597
          H1 Value                       -4109.062

Information Criteria

          Akaike (AIC)                    8315.195
          Bayesian (BIC)                  8444.871
          Sample-Size Adjusted BIC        8330.726
            (n* = (n + 2) / 24)

Chi-Square Test of Model Fit

          Value                             25.071
          Degrees of Freedom                    29
          P-Value                           0.6745

RMSEA (Root Mean Square Error Of Approximation)

          Estimate                           0.000
          90 Percent C.I.                    0.000  0.038
          Probability RMSEA <= .05           0.991

CFI/TLI

          CFI                                1.000
          TLI                                1.016

Chi-Square Test of Model Fit for the Baseline Model

          Value                            426.350
          Degrees of Freedom                    45
          P-Value                           0.0000

SRMR (Standardized Root Mean Square Residual)

          Value                              0.032



MODEL RESULTS

                                                    Two-Tailed
                    Estimate       S.E.  Est./S.E.    P-Value

 PREQUELS BY
    Q2                 1.000      0.000    999.000    999.000
    Q3                 2.659      1.242      2.141      0.032
    Q4                -1.422      0.592     -2.400      0.016
    Q1                 0.569      0.457      1.246      0.213

 ORIGINAL BY
    Q5                 1.000      0.000    999.000    999.000
    Q6                 1.643      0.244      6.724      0.000
    Q7                 1.163      0.195      5.974      0.000
    Q1                 1.740      0.400      4.356      0.000

 SEQUELS  BY
    Q8                 1.000      0.000    999.000    999.000
    Q9                 0.171      0.091      1.887      0.059
    Q10                0.710      0.118      6.001      0.000
    Q1                 0.055      0.254      0.219      0.827

 ORIGINAL WITH
    PREQUELS           0.047      0.025      1.881      0.060

 SEQUELS  WITH
    PREQUELS           0.094      0.048      1.972      0.049
    ORIGINAL           0.362      0.077      4.723      0.000

 Q4       WITH
    Q10               -0.211      0.069     -3.033      0.002

 Intercepts
    Q1                 2.760      0.088     31.402      0.000
    Q2                 4.188      0.069     60.895      0.000
    Q3                 2.819      0.068     41.304      0.000
    Q4                 3.214      0.074     43.355      0.000
    Q5                 2.435      0.073     33.566      0.000
    Q6                 2.686      0.073     36.660      0.000
    Q7                 2.996      0.074     40.349      0.000
    Q8                 2.384      0.084     28.327      0.000
    Q9                 3.247      0.063     51.637      0.000
    Q10                2.118      0.062     34.049      0.000

 Variances
    PREQUELS           0.080      0.056      1.427      0.153
    ORIGINAL           0.327      0.088      3.709      0.000
    SEQUELS            0.746      0.175      4.270      0.000

 Residual Variances
    Q1                 0.905      0.127      7.145      0.000
    Q2                 1.201      0.111     10.809      0.000
    Q3                 0.694      0.246      2.822      0.005
    Q4                 1.327      0.136      9.722      0.000
    Q5                 1.099      0.103     10.672      0.000
    Q6                 0.571      0.092      6.192      0.000
    Q7                 1.051      0.102     10.280      0.000
    Q8                 1.173      0.154      7.629      0.000
    Q9                 1.050      0.091     11.510      0.000
    Q10                0.673      0.083      8.133      0.000


STANDARDIZED MODEL RESULTS


STDYX Standardization

                                                    Two-Tailed
                    Estimate       S.E.  Est./S.E.    P-Value

 PREQUELS BY
    Q2                 0.251      0.086      2.918      0.004
    Q3                 0.671      0.145      4.640      0.000
    Q4                -0.330      0.093     -3.567      0.000
    Q1                 0.112      0.087      1.275      0.202

 ORIGINAL BY
    Q5                 0.479      0.056      8.610      0.000
    Q6                 0.779      0.042     18.600      0.000
    Q7                 0.544      0.052     10.485      0.000
    Q1                 0.688      0.129      5.333      0.000

 SEQUELS  BY
    Q8                 0.623      0.061     10.200      0.000
    Q9                 0.143      0.074      1.919      0.055
    Q10                0.598      0.061      9.818      0.000
    Q1                 0.033      0.151      0.219      0.827

 ORIGINAL WITH
    PREQUELS           0.289      0.103      2.822      0.005

 SEQUELS  WITH
    PREQUELS           0.384      0.121      3.174      0.002
    ORIGINAL           0.733      0.078      9.377      0.000

 Q4       WITH
    Q10               -0.223      0.068     -3.287      0.001

 Intercepts
    Q1                 1.908      0.102     18.702      0.000
    Q2                 3.699      0.170     21.746      0.000
    Q3                 2.509      0.124     20.281      0.000
    Q4                 2.634      0.128     20.523      0.000
    Q5                 2.039      0.107     19.130      0.000
    Q6                 2.227      0.113     19.653      0.000
    Q7                 2.451      0.122     20.165      0.000
    Q8                 1.721      0.096     17.986      0.000
    Q9                 3.137      0.148     21.224      0.000
    Q10                2.068      0.107     19.253      0.000

 Variances
    PREQUELS           1.000      0.000    999.000    999.000
    ORIGINAL           1.000      0.000    999.000    999.000
    SEQUELS            1.000      0.000    999.000    999.000

 Residual Variances
    Q1                 0.432      0.062      6.969      0.000
    Q2                 0.937      0.043     21.793      0.000
    Q3                 0.550      0.194      2.830      0.005
    Q4                 0.891      0.061     14.549      0.000
    Q5                 0.770      0.053     14.451      0.000
    Q6                 0.393      0.065      6.012      0.000
    Q7                 0.704      0.057     12.444      0.000
    Q8                 0.611      0.076      8.023      0.000
    Q9                 0.980      0.021     46.239      0.000
    Q10                0.642      0.073      8.802      0.000


STDY Standardization

                                                    Two-Tailed
                    Estimate       S.E.  Est./S.E.    P-Value

 PREQUELS BY
    Q2                 0.251      0.086      2.918      0.004
    Q3                 0.671      0.145      4.640      0.000
    Q4                -0.330      0.093     -3.567      0.000
    Q1                 0.112      0.087      1.275      0.202

 ORIGINAL BY
    Q5                 0.479      0.056      8.610      0.000
    Q6                 0.779      0.042     18.600      0.000
    Q7                 0.544      0.052     10.485      0.000
    Q1                 0.688      0.129      5.333      0.000

 SEQUELS  BY
    Q8                 0.623      0.061     10.200      0.000
    Q9                 0.143      0.074      1.919      0.055
    Q10                0.598      0.061      9.818      0.000
    Q1                 0.033      0.151      0.219      0.827

 ORIGINAL WITH
    PREQUELS           0.289      0.103      2.822      0.005

 SEQUELS  WITH
    PREQUELS           0.384      0.121      3.174      0.002
    ORIGINAL           0.733      0.078      9.377      0.000

 Q4       WITH
    Q10               -0.223      0.068     -3.287      0.001

 Intercepts
    Q1                 1.908      0.102     18.702      0.000
    Q2                 3.699      0.170     21.746      0.000
    Q3                 2.509      0.124     20.281      0.000
    Q4                 2.634      0.128     20.523      0.000
    Q5                 2.039      0.107     19.130      0.000
    Q6                 2.227      0.113     19.653      0.000
    Q7                 2.451      0.122     20.165      0.000
    Q8                 1.721      0.096     17.986      0.000
    Q9                 3.137      0.148     21.224      0.000
    Q10                2.068      0.107     19.253      0.000

 Variances
    PREQUELS           1.000      0.000    999.000    999.000
    ORIGINAL           1.000      0.000    999.000    999.000
    SEQUELS            1.000      0.000    999.000    999.000

 Residual Variances
    Q1                 0.432      0.062      6.969      0.000
    Q2                 0.937      0.043     21.793      0.000
    Q3                 0.550      0.194      2.830      0.005
    Q4                 0.891      0.061     14.549      0.000
    Q5                 0.770      0.053     14.451      0.000
    Q6                 0.393      0.065      6.012      0.000
    Q7                 0.704      0.057     12.444      0.000
    Q8                 0.611      0.076      8.023      0.000
    Q9                 0.980      0.021     46.239      0.000
    Q10                0.642      0.073      8.802      0.000


STD Standardization

                                                    Two-Tailed
                    Estimate       S.E.  Est./S.E.    P-Value

 PREQUELS BY
    Q2                 0.284      0.099      2.855      0.004
    Q3                 0.754      0.169      4.458      0.000
    Q4                -0.403      0.117     -3.460      0.001
    Q1                 0.161      0.127      1.273      0.203

 ORIGINAL BY
    Q5                 0.572      0.077      7.417      0.000
    Q6                 0.940      0.074     12.716      0.000
    Q7                 0.666      0.077      8.594      0.000
    Q1                 0.996      0.196      5.093      0.000

 SEQUELS  BY
    Q8                 0.864      0.101      8.539      0.000
    Q9                 0.148      0.078      1.900      0.057
    Q10                0.613      0.074      8.301      0.000
    Q1                 0.048      0.219      0.219      0.827

 ORIGINAL WITH
    PREQUELS           0.289      0.103      2.822      0.005

 SEQUELS  WITH
    PREQUELS           0.384      0.121      3.174      0.002
    ORIGINAL           0.733      0.078      9.377      0.000

 Q4       WITH
    Q10               -0.211      0.069     -3.033      0.002

 Intercepts
    Q1                 2.760      0.088     31.402      0.000
    Q2                 4.188      0.069     60.895      0.000
    Q3                 2.819      0.068     41.304      0.000
    Q4                 3.214      0.074     43.355      0.000
    Q5                 2.435      0.073     33.566      0.000
    Q6                 2.686      0.073     36.660      0.000
    Q7                 2.996      0.074     40.349      0.000
    Q8                 2.384      0.084     28.327      0.000
    Q9                 3.247      0.063     51.637      0.000
    Q10                2.118      0.062     34.049      0.000

 Variances
    PREQUELS           1.000      0.000    999.000    999.000
    ORIGINAL           1.000      0.000    999.000    999.000
    SEQUELS            1.000      0.000    999.000    999.000

 Residual Variances
    Q1                 0.905      0.127      7.145      0.000
    Q2                 1.201      0.111     10.809      0.000
    Q3                 0.694      0.246      2.822      0.005
    Q4                 1.327      0.136      9.722      0.000
    Q5                 1.099      0.103     10.672      0.000
    Q6                 0.571      0.092      6.192      0.000
    Q7                 1.051      0.102     10.280      0.000
    Q8                 1.173      0.154      7.629      0.000
    Q9                 1.050      0.091     11.510      0.000
    Q10                0.673      0.083      8.133      0.000


R-SQUARE

    Observed                                        Two-Tailed
    Variable        Estimate       S.E.  Est./S.E.    P-Value

    Q1                 0.568      0.062      9.158      0.000
    Q2                 0.063      0.043      1.459      0.145
    Q3                 0.450      0.194      2.320      0.020
    Q4                 0.109      0.061      1.784      0.074
    Q5                 0.230      0.053      4.305      0.000
    Q6                 0.607      0.065      9.300      0.000
    Q7                 0.296      0.057      5.242      0.000
    Q8                 0.389      0.076      5.100      0.000
    Q9                 0.020      0.021      0.959      0.337
    Q10                0.358      0.073      4.909      0.000


QUALITY OF NUMERICAL RESULTS

     Condition Number for the Information Matrix              0.154E-03
       (ratio of smallest to largest eigenvalue)


MODEL MODIFICATION INDICES

NOTE:  Modification indices for direct effects of observed dependent variables
regressed on covariates may not be included.  To include these, request
MODINDICES (ALL).

Minimum M.I. value for printing the modification index     8.000

                                   M.I.     E.P.C.  Std E.P.C.  StdYX E.P.C.

No modification indices above the minimum value.



     Beginning Time:  14:14:36
        Ending Time:  14:14:36
       Elapsed Time:  00:00:00



MUTHEN & MUTHEN
3463 Stoner Ave.
Los Angeles, CA  90066

Tel: (310) 391-9971
Fax: (310) 391-8971
Web: www.StatModel.com
Support: Support@StatModel.com

Copyright (c) 1998-2017 Muthen & Muthen
